# JRE version: OpenJDK Runtime Environment (8.0_181-b13) (build 1.8.0_181-8u181-b13-1ubuntu0.16.04.1-b13)
# Java VM: OpenJDK 64-Bit Server VM (25.181-b13 mixed mode linux-amd64 compressed oops)
Heap:
 PSYoungGen      total 73728K, used 4825K [0x00000000f5a00000, 0x00000000fa800000, 0x0000000100000000)
  eden space 68608K, 0% used [0x00000000f5a00000,0x00000000f5a00000,0x00000000f9d00000)
  from space 5120K, 94% used [0x00000000f9d00000,0x00000000fa1b6660,0x00000000fa200000)
  to   space 4096K, 0% used [0x00000000fa200000,0x00000000fa200000,0x00000000fa600000)
 ParOldGen       total 22016K, used 8849K [0x00000000e0e00000, 0x00000000e2380000, 0x00000000f5a00000)
  object space 22016K, 40% used [0x00000000e0e00000,0x00000000e16a4678,0x00000000e2380000)
 Metaspace       used 20673K, capacity 21176K, committed 21248K, reserved 1067008K
  class space    used 2600K, capacity 2778K, committed 2816K, reserved 1048576K
GC Heap History (10 events):
Event: 2,972 GC heap after
Heap after GC invocations=2 (full 0):
 PSYoungGen      total 18432K, used 1008K [0x00000000f5a00000, 0x00000000f6d00000, 0x0000000100000000)
  eden space 17408K, 0% used [0x00000000f5a00000,0x00000000f5a00000,0x00000000f6b00000)
  from space 1024K, 98% used [0x00000000f6c00000,0x00000000f6cfc010,0x00000000f6d00000)
  to   space 1024K, 0% used [0x00000000f6b00000,0x00000000f6b00000,0x00000000f6c00000)
 ParOldGen       total 22016K, used 1618K [0x00000000e0e00000, 0x00000000e2380000, 0x00000000f5a00000)
  object space 22016K, 7% used [0x00000000e0e00000,0x00000000e0f94940,0x00000000e2380000)
 Metaspace       used 7001K, capacity 7102K, committed 7296K, reserved 1056768K
  class space    used 793K, capacity 863K, committed 896K, reserved 1048576K
}
Event: 4,203 GC heap before
{Heap before GC invocations=3 (full 0):
 PSYoungGen      total 18432K, used 18416K [0x00000000f5a00000, 0x00000000f6d00000, 0x0000000100000000)
  eden space 17408K, 100% used [0x00000000f5a00000,0x00000000f6b00000,0x00000000f6b00000)
  from space 1024K, 98% used [0x00000000f6c00000,0x00000000f6cfc010,0x00000000f6d00000)
  to   space 1024K, 0% used [0x00000000f6b00000,0x00000000f6b00000,0x00000000f6c00000)
 ParOldGen       total 22016K, used 1618K [0x00000000e0e00000, 0x00000000e2380000, 0x00000000f5a00000)
  object space 22016K, 7% used [0x00000000e0e00000,0x00000000e0f94940,0x00000000e2380000)
 Metaspace       used 9777K, capacity 10022K, committed 10240K, reserved 1058816K
  class space    used 1125K, capacity 1213K, committed 1280K, reserved 1048576K
Event: 4,231 GC heap after
Heap after GC invocations=3 (full 0):
 PSYoungGen      total 18432K, used 1024K [0x00000000f5a00000, 0x00000000f7e00000, 0x0000000100000000)
  eden space 17408K, 0% used [0x00000000f5a00000,0x00000000f5a00000,0x00000000f6b00000)
  from space 1024K, 100% used [0x00000000f6b00000,0x00000000f6c00000,0x00000000f6c00000)
  to   space 1024K, 0% used [0x00000000f7d00000,0x00000000f7d00000,0x00000000f7e00000)
 ParOldGen       total 22016K, used 3319K [0x00000000e0e00000, 0x00000000e2380000, 0x00000000f5a00000)
  object space 22016K, 15% used [0x00000000e0e00000,0x00000000e113deb0,0x00000000e2380000)
 Metaspace       used 9777K, capacity 10022K, committed 10240K, reserved 1058816K
  class space    used 1125K, capacity 1213K, committed 1280K, reserved 1048576K
}
Event: 5,177 GC heap before
{Heap before GC invocations=4 (full 0):
 PSYoungGen      total 18432K, used 18432K [0x00000000f5a00000, 0x00000000f7e00000, 0x0000000100000000)
  eden space 17408K, 100% used [0x00000000f5a00000,0x00000000f6b00000,0x00000000f6b00000)
  from space 1024K, 100% used [0x00000000f6b00000,0x00000000f6c00000,0x00000000f6c00000)
  to   space 1024K, 0% used [0x00000000f7d00000,0x00000000f7d00000,0x00000000f7e00000)
 ParOldGen       total 22016K, used 3319K [0x00000000e0e00000, 0x00000000e2380000, 0x00000000f5a00000)
  object space 22016K, 15% used [0x00000000e0e00000,0x00000000e113deb0,0x00000000e2380000)
 Metaspace       used 11404K, capacity 11744K, committed 12032K, reserved 1060864K
  class space    used 1356K, capacity 1458K, committed 1536K, reserved 1048576K
Event: 5,200 GC heap after
Heap after GC invocations=4 (full 0):
 PSYoungGen      total 35840K, used 1024K [0x00000000f5a00000, 0x00000000f7e00000, 0x0000000100000000)
  eden space 34816K, 0% used [0x00000000f5a00000,0x00000000f5a00000,0x00000000f7c00000)
  from space 1024K, 100% used [0x00000000f7d00000,0x00000000f7e00000,0x00000000f7e00000)
  to   space 1024K, 0% used [0x00000000f7c00000,0x00000000f7c00000,0x00000000f7d00000)
 ParOldGen       total 22016K, used 4687K [0x00000000e0e00000, 0x00000000e2380000, 0x00000000f5a00000)
  object space 22016K, 21% used [0x00000000e0e00000,0x00000000e1293e48,0x00000000e2380000)
 Metaspace       used 11404K, capacity 11744K, committed 12032K, reserved 1060864K
  class space    used 1356K, capacity 1458K, committed 1536K, reserved 1048576K
}
Event: 6,820 GC heap before
{Heap before GC invocations=5 (full 0):
 PSYoungGen      total 35840K, used 35840K [0x00000000f5a00000, 0x00000000f7e00000, 0x0000000100000000)
  eden space 34816K, 100% used [0x00000000f5a00000,0x00000000f7c00000,0x00000000f7c00000)
  from space 1024K, 100% used [0x00000000f7d00000,0x00000000f7e00000,0x00000000f7e00000)
  to   space 1024K, 0% used [0x00000000f7c00000,0x00000000f7c00000,0x00000000f7d00000)
 ParOldGen       total 22016K, used 4687K [0x00000000e0e00000, 0x00000000e2380000, 0x00000000f5a00000)
  object space 22016K, 21% used [0x00000000e0e00000,0x00000000e1293e48,0x00000000e2380000)
 Metaspace       used 13549K, capacity 13914K, committed 14208K, reserved 1060864K
  class space    used 1727K, capacity 1853K, committed 1920K, reserved 1048576K
Event: 7,056 GC heap after
Heap after GC invocations=5 (full 0):
 PSYoungGen      total 35840K, used 1008K [0x00000000f5a00000, 0x00000000fa600000, 0x0000000100000000)
  eden space 34816K, 0% used [0x00000000f5a00000,0x00000000f5a00000,0x00000000f7c00000)
  from space 1024K, 98% used [0x00000000f7c00000,0x00000000f7cfc010,0x00000000f7d00000)
  to   space 4096K, 0% used [0x00000000fa200000,0x00000000fa200000,0x00000000fa600000)
 ParOldGen       total 22016K, used 7381K [0x00000000e0e00000, 0x00000000e2380000, 0x00000000f5a00000)
  object space 22016K, 33% used [0x00000000e0e00000,0x00000000e1535558,0x00000000e2380000)
 Metaspace       used 13549K, capacity 13914K, committed 14208K, reserved 1060864K
  class space    used 1727K, capacity 1853K, committed 1920K, reserved 1048576K
}
Event: 10,691 GC heap before
{Heap before GC invocations=6 (full 0):
 PSYoungGen      total 35840K, used 35824K [0x00000000f5a00000, 0x00000000fa600000, 0x0000000100000000)
  eden space 34816K, 100% used [0x00000000f5a00000,0x00000000f7c00000,0x00000000f7c00000)
  from space 1024K, 98% used [0x00000000f7c00000,0x00000000f7cfc010,0x00000000f7d00000)
  to   space 4096K, 0% used [0x00000000fa200000,0x00000000fa200000,0x00000000fa600000)
 ParOldGen       total 22016K, used 7381K [0x00000000e0e00000, 0x00000000e2380000, 0x00000000f5a00000)
  object space 22016K, 33% used [0x00000000e0e00000,0x00000000e1535558,0x00000000e2380000)
 Metaspace       used 17509K, capacity 17924K, committed 18304K, reserved 1064960K
  class space    used 2183K, capacity 2312K, committed 2432K, reserved 1048576K
Event: 10,904 GC heap after
Heap after GC invocations=6 (full 0):
 PSYoungGen      total 72704K, used 4075K [0x00000000f5a00000, 0x00000000fa800000, 0x0000000100000000)
  eden space 68608K, 0% used [0x00000000f5a00000,0x00000000f5a00000,0x00000000f9d00000)
  from space 4096K, 99% used [0x00000000fa200000,0x00000000fa5fad88,0x00000000fa600000)
  to   space 5120K, 0% used [0x00000000f9d00000,0x00000000f9d00000,0x00000000fa200000)
 ParOldGen       total 22016K, used 8362K [0x00000000e0e00000, 0x00000000e2380000, 0x00000000f5a00000)
  object space 22016K, 37% used [0x00000000e0e00000,0x00000000e162abd8,0x00000000e2380000)
 Metaspace       used 17509K, capacity 17924K, committed 18304K, reserved 1064960K
  class space    used 2183K, capacity 2312K, committed 2432K, reserved 1048576K
}
Event: 14,718 GC heap before
{Heap before GC invocations=7 (full 0):
 PSYoungGen      total 72704K, used 36417K [0x00000000f5a00000, 0x00000000fa800000, 0x0000000100000000)
  eden space 68608K, 47% used [0x00000000f5a00000,0x00000000f7995a00,0x00000000f9d00000)
  from space 4096K, 99% used [0x00000000fa200000,0x00000000fa5fad88,0x00000000fa600000)
  to   space 5120K, 0% used [0x00000000f9d00000,0x00000000f9d00000,0x00000000fa200000)
 ParOldGen       total 22016K, used 8362K [0x00000000e0e00000, 0x00000000e2380000, 0x00000000f5a00000)
  object space 22016K, 37% used [0x00000000e0e00000,0x00000000e162abd8,0x00000000e2380000)
 Metaspace       used 20673K, capacity 21176K, committed 21248K, reserved 1067008K
  class space    used 2600K, capacity 2778K, committed 2816K, reserved 1048576K

